<?xml version="1.0" encoding="UTF-8"?>
<!-- Generated by org.testng.reporters.JUnitReportReporter -->
<testsuite hostname="DESKTOP-A9AOI5E" failures="0" tests="3" name="rahulshettyacademy.tests.SubmitOrderTest" time="24.155" errors="0" timestamp="2024-09-04T16:46:50 EDT" skipped="0">
  <testcase classname="rahulshettyacademy.tests.SubmitOrderTest" name="OrderHistoryTest" time="3.915"/>
  <testcase classname="rahulshettyacademy.tests.SubmitOrderTest" name="submitOrder" time="9.130"/>
  <testcase classname="rahulshettyacademy.tests.SubmitOrderTest" name="submitOrder" time="11.110"/>
</testsuite> <!-- rahulshettyacademy.tests.SubmitOrderTest -->
