<?xml version="1.0" encoding="UTF-8"?>
<!-- Generated by org.testng.reporters.JUnitReportReporter -->
<testsuite hostname="DESKTOP-A9AOI5E" failures="0" tests="3" name="rahulshettyacademy.tests.SubmitOrderTest" time="25.030" errors="0" timestamp="2024-09-09T15:11:07 EDT" skipped="0">
  <testcase classname="rahulshettyacademy.tests.SubmitOrderTest" name="submitOrder" time="10.766"/>
  <testcase classname="rahulshettyacademy.tests.SubmitOrderTest" name="OrderHistoryTest" time="5.766"/>
  <testcase classname="rahulshettyacademy.tests.SubmitOrderTest" name="submitOrder" time="8.498"/>
</testsuite> <!-- rahulshettyacademy.tests.SubmitOrderTest -->
