<?xml version="1.0" encoding="UTF-8"?>
<!-- Generated by org.testng.reporters.JUnitReportReporter -->
<testsuite hostname="DESKTOP-A9AOI5E" failures="0" tests="1" name="rahulshettyacademy.ExtentReports.ExtentReportDemo" time="8.268" errors="0" timestamp="2024-08-27T17:13:00 EDT" skipped="0">
  <testcase classname="rahulshettyacademy.ExtentReports.ExtentReportDemo" name="initialDemo" time="8.268"/>
</testsuite> <!-- rahulshettyacademy.ExtentReports.ExtentReportDemo -->
